<?xml version="1.0" encoding="UTF-8"?>
<testsuite xmlns:xsi="http://www.w3.org/2001/XMLSchema-instance" xsi:noNamespaceSchemaLocation="https://maven.apache.org/surefire/maven-surefire-plugin/xsd/surefire-test-report.xsd" version="3.0.2" name="com.student.SmsBombingApplicationTests" time="9.387" tests="1" errors="0" skipped="0" failures="0">
  <properties>
[...]
</properties>
  <testcase name="contextLoads" classname="com.student.SmsBombingApplicationTests" time="0.647">
    <system-out><![CDATA[19:45:27.895 [main] INFO org.springframework.test.context.support.AnnotationConfigContextLoaderUtils -- Could not detect default configuration classes for test class [com.student.SmsBombingApplicationTests]: SmsBombingApplicationTests does not declare any static, non-private, non-final, nested classes annotated with @Configuration.
19:45:28.082 [main] INFO org.springframework.boot.test.context.SpringBootTestContextBootstrapper -- Found @SpringBootConfiguration com.student.SmsBombingApplication for test class com.student.SmsBombingApplicationTests

  .   ____          _            __ _ _
 /\\ / ___'_ __ _ _(_)_ __  __ _ \ \ \ \
( ( )\___ | '_ | '_| | '_ \/ _` | \ \ \ \
 \\/  ___)| |_)| | | | | || (_| |  ) ) ) )
  '  |____| .__|_| |_|_| |_\__, | / / / /
 =========|_|==============|___/=/_/_/_/

 :: Spring Boot ::                (v3.5.3)

2025-07-13T19:45:28.757+05:30  INFO 13924 --- [SmsBombing] [           main] com.student.SmsBombingApplicationTests   : Starting SmsBombingApplicationTests using Java 18.0.2.1 with PID 13924 (started by subha in E:\Coding\Github\StudentServiceApplication)
2025-07-13T19:45:28.760+05:30  INFO 13924 --- [SmsBombing] [           main] com.student.SmsBombingApplicationTests   : No active profile set, falling back to 1 default profile: "default"
2025-07-13T19:45:29.979+05:30  INFO 13924 --- [SmsBombing] [           main] .s.d.r.c.RepositoryConfigurationDelegate : Bootstrapping Spring Data JPA repositories in DEFAULT mode.
2025-07-13T19:45:30.118+05:30  INFO 13924 --- [SmsBombing] [           main] .s.d.r.c.RepositoryConfigurationDelegate : Finished Spring Data repository scanning in 124 ms. Found 3 JPA repository interfaces.
2025-07-13T19:45:30.965+05:30  INFO 13924 --- [SmsBombing] [           main] o.hibernate.jpa.internal.util.LogHelper  : HHH000204: Processing PersistenceUnitInfo [name: default]
2025-07-13T19:45:31.055+05:30  INFO 13924 --- [SmsBombing] [           main] org.hibernate.Version                    : HHH000412: Hibernate ORM core version 6.6.18.Final
2025-07-13T19:45:31.107+05:30  INFO 13924 --- [SmsBombing] [           main] o.h.c.internal.RegionFactoryInitiator    : HHH000026: Second-level cache disabled
2025-07-13T19:45:31.692+05:30  INFO 13924 --- [SmsBombing] [           main] o.s.o.j.p.SpringPersistenceUnitInfo      : No LoadTimeWeaver setup: ignoring JPA class transformer
2025-07-13T19:45:31.755+05:30  INFO 13924 --- [SmsBombing] [           main] com.zaxxer.hikari.HikariDataSource       : HikariPool-1 - Starting...
2025-07-13T19:45:32.284+05:30  INFO 13924 --- [SmsBombing] [           main] com.zaxxer.hikari.pool.HikariPool        : HikariPool-1 - Added connection oracle.jdbc.driver.T4CConnection@d84418a
2025-07-13T19:45:32.287+05:30  INFO 13924 --- [SmsBombing] [           main] com.zaxxer.hikari.HikariDataSource       : HikariPool-1 - Start completed.
2025-07-13T19:45:32.318+05:30  WARN 13924 --- [SmsBombing] [           main] org.hibernate.dialect.Dialect            : HHH000511: The 12.0.0 version for [org.hibernate.community.dialect.Oracle12cDialect] is no longer supported, hence certain features may not work properly. The minimum supported version is 19.0.0. Check the community dialects project for available legacy versions.
2025-07-13T19:45:32.325+05:30  WARN 13924 --- [SmsBombing] [           main] org.hibernate.orm.deprecation            : HHH90000026: Oracle12cDialect has been deprecated; use org.hibernate.dialect.OracleDialect instead
2025-07-13T19:45:32.574+05:30  INFO 13924 --- [SmsBombing] [           main] org.hibernate.orm.connections.pooling    : HHH10001005: Database info:
	Database JDBC URL [Connecting through datasource 'HikariDataSource (HikariPool-1)']
	Database driver: undefined/unknown
	Database version: 12.0
	Autocommit mode: undefined/unknown
	Isolation level: undefined/unknown
	Minimum pool size: undefined/unknown
	Maximum pool size: undefined/unknown
2025-07-13T19:45:34.145+05:30  INFO 13924 --- [SmsBombing] [           main] o.h.e.t.j.p.i.JtaPlatformInitiator       : HHH000489: No JTA platform available (set 'hibernate.transaction.jta.platform' to enable JTA platform integration)
2025-07-13T19:45:34.150+05:30  INFO 13924 --- [SmsBombing] [           main] j.LocalContainerEntityManagerFactoryBean : Initialized JPA EntityManagerFactory for persistence unit 'default'
2025-07-13T19:45:34.623+05:30  INFO 13924 --- [SmsBombing] [           main] o.s.d.j.r.query.QueryEnhancerFactory     : Hibernate is in classpath; If applicable, HQL parser will be used.
2025-07-13T19:45:35.668+05:30  WARN 13924 --- [SmsBombing] [           main] JpaBaseConfiguration$JpaWebConfiguration : spring.jpa.open-in-view is enabled by default. Therefore, database queries may be performed during view rendering. Explicitly configure spring.jpa.open-in-view to disable this warning
2025-07-13T19:45:36.343+05:30  INFO 13924 --- [SmsBombing] [           main] com.student.SmsBombingApplicationTests   : Started SmsBombingApplicationTests in 8.04 seconds (process running for 9.614)
]]></system-out>
  </testcase>
</testsuite>